2016-08-19 14:52:40,936 [Worker-1] INFO  c.g.t.t.d.PublishedGradleVersions - Gradle version information cache is up-to-date. Trying to read.
2016-08-24 13:32:26,336 [Worker-1] INFO  c.g.t.t.d.PublishedGradleVersions - Gradle version information cache is out-of-date. Trying to update.
2016-08-24 13:32:29,575 [Worker-1] INFO  c.g.t.t.d.PublishedGradleVersions - Updating Gradle version information cache failed. Using outdated cache.
2016-09-08 18:45:24,709 [Worker-3] INFO  c.g.t.t.d.PublishedGradleVersions - Gradle version information cache is out-of-date. Trying to update.
2016-09-09 13:59:20,837 [Worker-1] INFO  c.g.t.t.d.PublishedGradleVersions - Gradle version information cache is up-to-date. Trying to read.
2016-09-19 17:23:33,867 [Worker-3] INFO  c.g.t.t.d.PublishedGradleVersions - Gradle version information cache is out-of-date. Trying to update.
2016-09-19 22:29:22,899 [Worker-0] INFO  c.g.t.t.d.PublishedGradleVersions - Gradle version information cache is up-to-date. Trying to read.
2016-09-19 22:29:29,109 [Thread-6] ERROR org.eclipse.jgit.util.FS - 2016-09-19 22:29:27.985 xcodebuild[607:7831] [MT] PluginLoading: Required plug-in compatibility UUID 8A66E736-A720-4B3C-92F1-33D9962C69DF for plug-in at path '~/Library/Application Support/Developer/Shared/Xcode/Plug-ins/XToDo.xcplugin' not present in DVTPlugInCompatibilityUUIDs
2016-09-19 22:29:27.988 xcodebuild[607:7831] [MT] PluginLoading: Required plug-in compatibility UUID 8A66E736-A720-4B3C-92F1-33D9962C69DF for plug-in at path '~/Library/Application Support/Developer/Shared/Xcode/Plug-ins/WakaTime.xcplugin' not present in DVTPlugInCompatibilityUUIDs
2016-09-19 22:29:27.990 xcodebuild[607:7831] [MT] PluginLoading: Required plug-in compatibility UUID 8A66E736-A720-4B3C-92F1-33D9962C69DF for plug-in at path '~/Library/Application Support/Developer/Shared/Xcode/Plug-ins/VVDocumenter-Xcode.xcplugin' not present in DVTPlugInCompatibilityUUIDs
2016-09-19 22:29:27.992 xcodebuild[607:7831] [MT] PluginLoading: Required plug-in compatibility UUID 8A66E736-A720-4B3C-92F1-33D9962C69DF for plug-in at path '~/Library/Application Support/Developer/Shared/Xcode/Plug-ins/OMColorSense.xcplugin' not present in DVTPlugInCompatibilityUUIDs
2016-09-19 22:29:27.996 xcodebuild[607:7831] [MT] PluginLoading: Required plug-in compatibility UUID 8A66E736-A720-4B3C-92F1-33D9962C69DF for plug-in at path '~/Library/Application Support/Developer/Shared/Xcode/Plug-ins/GitDiff.xcplugin' not present in DVTPlugInCompatibilityUUIDs
2016-09-19 22:29:27.997 xcodebuild[607:7831] [MT] PluginLoading: Required plug-in compatibility UUID 8A66E736-A720-4B3C-92F1-33D9962C69DF for plug-in at path '~/Library/Application Support/Developer/Shared/Xcode/Plug-ins/FuzzyAutocomplete.xcplugin' not present in DVTPlugInCompatibilityUUIDs
2016-09-19 22:29:27.999 xcodebuild[607:7831] [MT] PluginLoading: Required plug-in compatibility UUID 8A66E736-A720-4B3C-92F1-33D9962C69DF for plug-in at path '~/Library/Application Support/Developer/Shared/Xcode/Plug-ins/BBUFullIssueNavigator.xcplugin' not present in DVTPlugInCompatibilityUUIDs
2016-09-19 22:29:28.001 xcodebuild[607:7831] [MT] PluginLoading: Required plug-in compatibility UUID 8A66E736-A720-4B3C-92F1-33D9962C69DF for plug-in at path '~/Library/Application Support/Developer/Shared/Xcode/Plug-ins/Alcatraz.xcplugin' not present in DVTPlugInCompatibilityUUIDs
2016-09-19 22:29:28.003 xcodebuild[607:7831] [MT] PluginLoading: Required plug-in compatibility UUID 8A66E736-A720-4B3C-92F1-33D9962C69DF for plug-in at path '~/Library/Application Support/Developer/Shared/Xcode/Plug-ins/ActivatePowerMode.xcplugin' not present in DVTPlugInCompatibilityUUIDs

2016-09-23 13:27:02,555 [Worker-3] INFO  c.g.t.t.d.PublishedGradleVersions - Gradle version information cache is out-of-date. Trying to update.
2016-09-28 13:26:32,588 [Worker-1] INFO  c.g.t.t.d.PublishedGradleVersions - Gradle version information cache is out-of-date. Trying to update.
2016-09-28 22:26:13,739 [Worker-0] INFO  c.g.t.t.d.PublishedGradleVersions - Gradle version information cache is up-to-date. Trying to read.
2016-09-28 22:26:16,459 [Thread-7] ERROR org.eclipse.jgit.util.FS - 2016-09-28 22:26:15.666 xcodebuild[1025:19354] [MT] PluginLoading: Required plug-in compatibility UUID 8A66E736-A720-4B3C-92F1-33D9962C69DF for plug-in at path '~/Library/Application Support/Developer/Shared/Xcode/Plug-ins/XToDo.xcplugin' not present in DVTPlugInCompatibilityUUIDs
2016-09-28 22:26:15.668 xcodebuild[1025:19354] [MT] PluginLoading: Required plug-in compatibility UUID 8A66E736-A720-4B3C-92F1-33D9962C69DF for plug-in at path '~/Library/Application Support/Developer/Shared/Xcode/Plug-ins/WakaTime.xcplugin' not present in DVTPlugInCompatibilityUUIDs
2016-09-28 22:26:15.669 xcodebuild[1025:19354] [MT] PluginLoading: Required plug-in compatibility UUID 8A66E736-A720-4B3C-92F1-33D9962C69DF for plug-in at path '~/Library/Application Support/Developer/Shared/Xcode/Plug-ins/VVDocumenter-Xcode.xcplugin' not present in DVTPlugInCompatibilityUUIDs
2016-09-28 22:26:15.671 xcodebuild[1025:19354] [MT] PluginLoading: Required plug-in compatibility UUID 8A66E736-A720-4B3C-92F1-33D9962C69DF for plug-in at path '~/Library/Application Support/Developer/Shared/Xcode/Plug-ins/OMColorSense.xcplugin' not present in DVTPlugInCompatibilityUUIDs
2016-09-28 22:26:15.672 xcodebuild[1025:19354] [MT] PluginLoading: Required plug-in compatibility UUID 8A66E736-A720-4B3C-92F1-33D9962C69DF for plug-in at path '~/Library/Application Support/Developer/Shared/Xcode/Plug-ins/GitDiff.xcplugin' not present in DVTPlugInCompatibilityUUIDs
2016-09-28 22:26:15.675 xcodebuild[1025:19354] [MT] PluginLoading: Required plug-in compatibility UUID 8A66E736-A720-4B3C-92F1-33D9962C69DF for plug-in at path '~/Library/Application Support/Developer/Shared/Xcode/Plug-ins/FuzzyAutocomplete.xcplugin' not present in DVTPlugInCompatibilityUUIDs
2016-09-28 22:26:15.676 xcodebuild[1025:19354] [MT] PluginLoading: Required plug-in compatibility UUID 8A66E736-A720-4B3C-92F1-33D9962C69DF for plug-in at path '~/Library/Application Support/Developer/Shared/Xcode/Plug-ins/BBUFullIssueNavigator.xcplugin' not present in DVTPlugInCompatibilityUUIDs
2016-09-28 22:26:15.677 xcodebuild[1025:19354] [MT] PluginLoading: Required plug-in compatibility UUID 8A66E736-A720-4B3C-92F1-33D9962C69DF for plug-in at path '~/Library/Application Support/Developer/Shared/Xcode/Plug-ins/Alcatraz.xcplugin' not present in DVTPlugInCompatibilityUUIDs
2016-09-28 22:26:15.679 xcodebuild[1025:19354] [MT] PluginLoading: Required plug-in compatibility UUID 8A66E736-A720-4B3C-92F1-33D9962C69DF for plug-in at path '~/Library/Application Support/Developer/Shared/Xcode/Plug-ins/ActivatePowerMode.xcplugin' not present in DVTPlugInCompatibilityUUIDs

2016-09-29 11:11:23,486 [Worker-4] INFO  c.g.t.t.d.PublishedGradleVersions - Gradle version information cache is up-to-date. Trying to read.
2016-10-05 14:22:14,806 [Worker-2] INFO  c.g.t.t.d.PublishedGradleVersions - Gradle version information cache is out-of-date. Trying to update.
2016-10-26 14:08:54,323 [Worker-3] INFO  c.g.t.t.d.PublishedGradleVersions - Gradle version information cache is out-of-date. Trying to update.
2016-10-26 14:09:04,000 [Thread-8] ERROR org.eclipse.jgit.util.FS - 2016-10-26 14:08:59.538 xcodebuild[13745:3490127] [MT] PluginLoading: Required plug-in compatibility UUID 8A66E736-A720-4B3C-92F1-33D9962C69DF for plug-in at path '~/Library/Application Support/Developer/Shared/Xcode/Plug-ins/XToDo.xcplugin' not present in DVTPlugInCompatibilityUUIDs
2016-10-26 14:08:59.539 xcodebuild[13745:3490127] [MT] PluginLoading: Required plug-in compatibility UUID 8A66E736-A720-4B3C-92F1-33D9962C69DF for plug-in at path '~/Library/Application Support/Developer/Shared/Xcode/Plug-ins/WakaTime.xcplugin' not present in DVTPlugInCompatibilityUUIDs
2016-10-26 14:08:59.540 xcodebuild[13745:3490127] [MT] PluginLoading: Required plug-in compatibility UUID 8A66E736-A720-4B3C-92F1-33D9962C69DF for plug-in at path '~/Library/Application Support/Developer/Shared/Xcode/Plug-ins/VVDocumenter-Xcode.xcplugin' not present in DVTPlugInCompatibilityUUIDs
2016-10-26 14:08:59.540 xcodebuild[13745:3490127] [MT] PluginLoading: Required plug-in compatibility UUID 8A66E736-A720-4B3C-92F1-33D9962C69DF for plug-in at path '~/Library/Application Support/Developer/Shared/Xcode/Plug-ins/OMColorSense.xcplugin' not present in DVTPlugInCompatibilityUUIDs
2016-10-26 14:08:59.541 xcodebuild[13745:3490127] [MT] PluginLoading: Required plug-in compatibility UUID 8A66E736-A720-4B3C-92F1-33D9962C69DF for plug-in at path '~/Library/Application Support/Developer/Shared/Xcode/Plug-ins/GitDiff.xcplugin' not present in DVTPlugInCompatibilityUUIDs
2016-10-26 14:08:59.542 xcodebuild[13745:3490127] [MT] PluginLoading: Required plug-in compatibility UUID 8A66E736-A720-4B3C-92F1-33D9962C69DF for plug-in at path '~/Library/Application Support/Developer/Shared/Xcode/Plug-ins/FuzzyAutocomplete.xcplugin' not present in DVTPlugInCompatibilityUUIDs
2016-10-26 14:08:59.542 xcodebuild[13745:3490127] [MT] PluginLoading: Required plug-in compatibility UUID 8A66E736-A720-4B3C-92F1-33D9962C69DF for plug-in at path '~/Library/Application Support/Developer/Shared/Xcode/Plug-ins/BBUFullIssueNavigator.xcplugin' not present in DVTPlugInCompatibilityUUIDs
2016-10-26 14:08:59.543 xcodebuild[13745:3490127] [MT] PluginLoading: Required plug-in compatibility UUID 8A66E736-A720-4B3C-92F1-33D9962C69DF for plug-in at path '~/Library/Application Support/Developer/Shared/Xcode/Plug-ins/Alcatraz.xcplugin' not present in DVTPlugInCompatibilityUUIDs
2016-10-26 14:08:59.544 xcodebuild[13745:3490127] [MT] PluginLoading: Required plug-in compatibility UUID 8A66E736-A720-4B3C-92F1-33D9962C69DF for plug-in at path '~/Library/Application Support/Developer/Shared/Xcode/Plug-ins/ActivatePowerMode.xcplugin' not present in DVTPlugInCompatibilityUUIDs

2016-10-26 14:52:07,165 [Worker-0] INFO  c.g.t.t.d.PublishedGradleVersions - Gradle version information cache is up-to-date. Trying to read.
2016-10-26 14:52:50,744 [Worker-3] INFO  c.g.t.t.d.PublishedGradleVersions - Gradle version information cache is up-to-date. Trying to read.
2016-10-27 10:33:47,442 [Worker-0] INFO  c.g.t.t.d.PublishedGradleVersions - Gradle version information cache is up-to-date. Trying to read.
